<?xml version="1.0" encoding="UTF-8" ?>
<testsuite tests="0" failures="0" name="TestConexion" time="0" errors="0" skipped="0">
  <properties>
    <property name="idea.version" value="2021.2.3"/>
    <property name="java.runtime.name" value="Java(TM) SE Runtime Environment"/>
    <property name="java.vm.version" value="17.0.3.1+2-LTS-6"/>
    <property name="sun.boot.library.path" value="/usr/java/jdk-17.0.3.1/lib"/>
    <property name="maven.multiModuleProjectDirectory" value="/home/omairagalindoparra/Documentos/DiplomadoPWJ/webapp-proyecto-final"/>
    <property name="java.vm.vendor" value="Oracle Corporation"/>
    <property name="java.vendor.url" value="https://java.oracle.com/"/>
    <property name="guice.disable.misplaced.annotation.check" value="true"/>
    <property name="path.separator" value=":"/>
    <property name="java.vm.name" value="Java HotSpot(TM) 64-Bit Server VM"/>
    <property name="user.country" value="CO"/>
    <property name="sun.java.launcher" value="SUN_STANDARD"/>
    <property name="java.vm.specification.name" value="Java Virtual Machine Specification"/>
    <property name="user.dir" value="/home/omairagalindoparra/Documentos/DiplomadoPWJ/webapp-proyecto-final"/>
    <property name="java.vm.compressedOopsMode" value="Zero based"/>
    <property name="java.runtime.version" value="17.0.3.1+2-LTS-6"/>
    <property name="os.arch" value="amd64"/>
    <property name="java.io.tmpdir" value="/tmp"/>
    <property name="line.separator" value="
"/>
    <property name="java.vm.specification.vendor" value="Oracle Corporation"/>
    <property name="os.name" value="Linux"/>
    <property name="maven.ext.class.path" value="/home/omairagalindoparra/.local/share/JetBrains/Toolbox/apps/IDEA-U/ch-0/212.5457.46/plugins/maven/lib/maven-event-listener.jar"/>
    <property name="classworlds.conf" value="/home/omairagalindoparra/.local/share/JetBrains/Toolbox/apps/IDEA-U/ch-0/212.5457.46/plugins/maven/lib/maven3/bin/m2.conf"/>
    <property name="sun.jnu.encoding" value="UTF-8"/>
    <property name="java.library.path" value="/usr/java/packages/lib:/usr/lib64:/lib64:/lib:/usr/lib"/>
    <property name="maven.conf" value="/home/omairagalindoparra/.local/share/JetBrains/Toolbox/apps/IDEA-U/ch-0/212.5457.46/plugins/maven/lib/maven3/conf"/>
    <property name="jdk.debug" value="release"/>
    <property name="java.class.version" value="61.0"/>
    <property name="java.specification.name" value="Java Platform API Specification"/>
    <property name="sun.management.compiler" value="HotSpot 64-Bit Tiered Compilers"/>
    <property name="os.version" value="5.18.10-250.vanilla.1.fc36.x86_64"/>
    <property name="user.home" value="/home/omairagalindoparra"/>
    <property name="user.timezone" value="America/Bogota"/>
    <property name="file.encoding" value="UTF-8"/>
    <property name="java.specification.version" value="17"/>
    <property name="user.name" value="omairagalindoparra"/>
    <property name="java.class.path" value="/home/omairagalindoparra/.local/share/JetBrains/Toolbox/apps/IDEA-U/ch-0/212.5457.46/plugins/maven/lib/maven3/boot/plexus-classworlds-2.6.0.jar:/home/omairagalindoparra/.local/share/JetBrains/Toolbox/apps/IDEA-U/ch-0/212.5457.46/plugins/maven/lib/maven3/boot/plexus-classworlds.license"/>
    <property name="java.vm.specification.version" value="17"/>
    <property name="sun.arch.data.model" value="64"/>
    <property name="sun.java.command" value="org.codehaus.classworlds.Launcher -Didea.version=2021.2.3 tomcat7:redeploy"/>
    <property name="java.home" value="/usr/java/jdk-17.0.3.1"/>
    <property name="user.language" value="es"/>
    <property name="java.specification.vendor" value="Oracle Corporation"/>
    <property name="java.vm.info" value="mixed mode, sharing"/>
    <property name="java.version" value="17.0.3.1"/>
    <property name="native.encoding" value="UTF-8"/>
    <property name="securerandom.source" value="file:/dev/./urandom"/>
    <property name="java.vendor" value="Oracle Corporation"/>
    <property name="maven.home" value="/home/omairagalindoparra/.local/share/JetBrains/Toolbox/apps/IDEA-U/ch-0/212.5457.46/plugins/maven/lib/maven3"/>
    <property name="file.separator" value="/"/>
    <property name="java.version.date" value="2022-04-22"/>
    <property name="java.vendor.url.bug" value="https://bugreport.java.com/bugreport/"/>
    <property name="sun.io.unicode.encoding" value="UnicodeLittle"/>
    <property name="sun.cpu.endian" value="little"/>
  </properties>
</testsuite>